[01-Jul-2018 04:51:19 UTC] PHP Parse error:  syntax error, unexpected '{', expecting '(' in /home/ubuntu/workspace/cst336/homework/homework2/inc/functions.php on line 4
[01-Jul-2018 04:51:19 UTC] PHP Stack trace:
[01-Jul-2018 04:51:19 UTC] PHP   1. {main}() /home/ubuntu/workspace/cst336/homework/homework2/index.php:0
[01-Jul-2018 04:51:37 UTC] PHP Parse error:  syntax error, unexpected '{', expecting '(' in /home/ubuntu/workspace/cst336/homework/homework2/inc/functions.php on line 4
[01-Jul-2018 04:51:37 UTC] PHP Stack trace:
[01-Jul-2018 04:51:37 UTC] PHP   1. {main}() /home/ubuntu/workspace/cst336/homework/homework2/index.php:0
[01-Jul-2018 04:51:53 UTC] PHP Parse error:  syntax error, unexpected '{', expecting '(' in /home/ubuntu/workspace/cst336/homework/homework2/inc/functions.php on line 4
[01-Jul-2018 04:51:53 UTC] PHP Stack trace:
[01-Jul-2018 04:51:53 UTC] PHP   1. {main}() /home/ubuntu/workspace/cst336/homework/homework2/index.php:0
[01-Jul-2018 04:53:23 UTC] PHP Parse error:  syntax error, unexpected '{', expecting '(' in /home/ubuntu/workspace/cst336/homework/homework2/inc/functions.php on line 4
[01-Jul-2018 04:53:23 UTC] PHP Stack trace:
[01-Jul-2018 04:53:23 UTC] PHP   1. {main}() /home/ubuntu/workspace/cst336/homework/homework2/index.php:0
[01-Jul-2018 04:54:33 UTC] PHP Parse error:  syntax error, unexpected '{', expecting '(' in /home/ubuntu/workspace/cst336/homework/homework2/inc/functions.php on line 4
[01-Jul-2018 04:54:33 UTC] PHP Stack trace:
[01-Jul-2018 04:54:33 UTC] PHP   1. {main}() /home/ubuntu/workspace/cst336/homework/homework2/index.php:0
[01-Jul-2018 04:54:37 UTC] PHP Parse error:  syntax error, unexpected '{', expecting '(' in /home/ubuntu/workspace/cst336/homework/homework2/inc/functions.php on line 4
[01-Jul-2018 04:54:37 UTC] PHP Stack trace:
[01-Jul-2018 04:54:37 UTC] PHP   1. {main}() /home/ubuntu/workspace/cst336/homework/homework2/index.php:0
[01-Jul-2018 05:01:56 UTC] PHP Fatal error:  Call to undefined function toss() in /home/ubuntu/workspace/cst336/homework/homework2/index.php on line 48
[01-Jul-2018 05:01:56 UTC] PHP Stack trace:
[01-Jul-2018 05:01:56 UTC] PHP   1. {main}() /home/ubuntu/workspace/cst336/homework/homework2/index.php:0
[01-Jul-2018 05:01:57 UTC] PHP Fatal error:  Call to undefined function toss() in /home/ubuntu/workspace/cst336/homework/homework2/index.php on line 48
[01-Jul-2018 05:01:57 UTC] PHP Stack trace:
[01-Jul-2018 05:01:57 UTC] PHP   1. {main}() /home/ubuntu/workspace/cst336/homework/homework2/index.php:0
[01-Jul-2018 05:01:59 UTC] PHP Fatal error:  Call to undefined function toss() in /home/ubuntu/workspace/cst336/homework/homework2/index.php on line 48
[01-Jul-2018 05:01:59 UTC] PHP Stack trace:
[01-Jul-2018 05:01:59 UTC] PHP   1. {main}() /home/ubuntu/workspace/cst336/homework/homework2/index.php:0
[01-Jul-2018 05:01:59 UTC] PHP Fatal error:  Call to undefined function toss() in /home/ubuntu/workspace/cst336/homework/homework2/index.php on line 48
[01-Jul-2018 05:01:59 UTC] PHP Stack trace:
[01-Jul-2018 05:01:59 UTC] PHP   1. {main}() /home/ubuntu/workspace/cst336/homework/homework2/index.php:0
[01-Jul-2018 05:02:00 UTC] PHP Fatal error:  Call to undefined function toss() in /home/ubuntu/workspace/cst336/homework/homework2/index.php on line 48
[01-Jul-2018 05:02:00 UTC] PHP Stack trace:
[01-Jul-2018 05:02:00 UTC] PHP   1. {main}() /home/ubuntu/workspace/cst336/homework/homework2/index.php:0
[01-Jul-2018 05:02:00 UTC] PHP Fatal error:  Call to undefined function toss() in /home/ubuntu/workspace/cst336/homework/homework2/index.php on line 48
[01-Jul-2018 05:02:00 UTC] PHP Stack trace:
[01-Jul-2018 05:02:00 UTC] PHP   1. {main}() /home/ubuntu/workspace/cst336/homework/homework2/index.php:0
[01-Jul-2018 05:02:10 UTC] PHP Fatal error:  Call to undefined function toss() in /home/ubuntu/workspace/cst336/homework/homework2/index.php on line 48
[01-Jul-2018 05:02:10 UTC] PHP Stack trace:
[01-Jul-2018 05:02:10 UTC] PHP   1. {main}() /home/ubuntu/workspace/cst336/homework/homework2/index.php:0
[01-Jul-2018 05:02:10 UTC] PHP Fatal error:  Call to undefined function toss() in /home/ubuntu/workspace/cst336/homework/homework2/index.php on line 48
[01-Jul-2018 05:02:10 UTC] PHP Stack trace:
[01-Jul-2018 05:02:10 UTC] PHP   1. {main}() /home/ubuntu/workspace/cst336/homework/homework2/index.php:0
[01-Jul-2018 05:02:10 UTC] PHP Fatal error:  Call to undefined function toss() in /home/ubuntu/workspace/cst336/homework/homework2/index.php on line 48
[01-Jul-2018 05:02:10 UTC] PHP Stack trace:
[01-Jul-2018 05:02:10 UTC] PHP   1. {main}() /home/ubuntu/workspace/cst336/homework/homework2/index.php:0
[01-Jul-2018 05:07:59 UTC] PHP Parse error:  syntax error, unexpected '{', expecting '(' in /home/ubuntu/workspace/cst336/homework/homework2/inc/functions.php on line 19
[01-Jul-2018 05:07:59 UTC] PHP Stack trace:
[01-Jul-2018 05:07:59 UTC] PHP   1. {main}() /home/ubuntu/workspace/cst336/homework/homework2/index.php:0
[01-Jul-2018 05:08:09 UTC] PHP Parse error:  syntax error, unexpected '{', expecting '(' in /home/ubuntu/workspace/cst336/homework/homework2/inc/functions.php on line 19
[01-Jul-2018 05:08:09 UTC] PHP Stack trace:
[01-Jul-2018 05:08:09 UTC] PHP   1. {main}() /home/ubuntu/workspace/cst336/homework/homework2/index.php:0
[01-Jul-2018 05:18:50 UTC] PHP Fatal error:  Can't use function return value in write context in /home/ubuntu/workspace/cst336/homework/homework2/inc/functions.php on line 8
[01-Jul-2018 05:18:50 UTC] PHP Stack trace:
[01-Jul-2018 05:18:50 UTC] PHP   1. {main}() /home/ubuntu/workspace/cst336/homework/homework2/index.php:0
[01-Jul-2018 05:19:18 UTC] PHP Fatal error:  Can't use function return value in write context in /home/ubuntu/workspace/cst336/homework/homework2/inc/functions.php on line 8
[01-Jul-2018 05:19:18 UTC] PHP Stack trace:
[01-Jul-2018 05:19:18 UTC] PHP   1. {main}() /home/ubuntu/workspace/cst336/homework/homework2/index.php:0
[01-Jul-2018 05:19:33 UTC] PHP Fatal error:  Can't use function return value in write context in /home/ubuntu/workspace/cst336/homework/homework2/inc/functions.php on line 8
[01-Jul-2018 05:19:33 UTC] PHP Stack trace:
[01-Jul-2018 05:19:33 UTC] PHP   1. {main}() /home/ubuntu/workspace/cst336/homework/homework2/index.php:0
[01-Jul-2018 05:28:20 UTC] PHP Parse error:  syntax error, unexpected '}', expecting ',' or ';' in /home/ubuntu/workspace/cst336/homework/homework2/inc/functions.php on line 16
[01-Jul-2018 05:28:20 UTC] PHP Stack trace:
[01-Jul-2018 05:28:20 UTC] PHP   1. {main}() /home/ubuntu/workspace/cst336/homework/homework2/index.php:0
[01-Jul-2018 05:28:43 UTC] PHP Parse error:  syntax error, unexpected '}', expecting ',' or ';' in /home/ubuntu/workspace/cst336/homework/homework2/inc/functions.php on line 16
[01-Jul-2018 05:28:43 UTC] PHP Stack trace:
[01-Jul-2018 05:28:43 UTC] PHP   1. {main}() /home/ubuntu/workspace/cst336/homework/homework2/index.php:0
[01-Jul-2018 05:45:57 UTC] PHP Parse error:  syntax error, unexpected '}' in /home/ubuntu/workspace/cst336/homework/homework2/inc/functions.php on line 21
[01-Jul-2018 05:45:57 UTC] PHP Stack trace:
[01-Jul-2018 05:45:57 UTC] PHP   1. {main}() /home/ubuntu/workspace/cst336/homework/homework2/index.php:0
[01-Jul-2018 05:46:09 UTC] PHP Parse error:  syntax error, unexpected '}' in /home/ubuntu/workspace/cst336/homework/homework2/inc/functions.php on line 20
[01-Jul-2018 05:46:09 UTC] PHP Stack trace:
[01-Jul-2018 05:46:09 UTC] PHP   1. {main}() /home/ubuntu/workspace/cst336/homework/homework2/index.php:0
[01-Jul-2018 05:59:06 UTC] PHP Parse error:  syntax error, unexpected ')' in /home/ubuntu/workspace/cst336/homework/homework2/inc/functions.php on line 43
[01-Jul-2018 05:59:06 UTC] PHP Stack trace:
[01-Jul-2018 05:59:06 UTC] PHP   1. {main}() /home/ubuntu/workspace/cst336/homework/homework2/index.php:0
[01-Jul-2018 05:59:37 UTC] PHP Parse error:  syntax error, unexpected ')' in /home/ubuntu/workspace/cst336/homework/homework2/inc/functions.php on line 43
[01-Jul-2018 05:59:37 UTC] PHP Stack trace:
[01-Jul-2018 05:59:37 UTC] PHP   1. {main}() /home/ubuntu/workspace/cst336/homework/homework2/index.php:0
[01-Jul-2018 08:21:05 UTC] PHP Fatal error:  Maximum execution time of 300 seconds exceeded in /home/ubuntu/workspace/cst336/homework/homework2/inc/functions.php on line 45
[01-Jul-2018 08:21:06 UTC] PHP Stack trace:
[01-Jul-2018 08:21:06 UTC] PHP   1. {main}() /home/ubuntu/workspace/cst336/homework/homework2/index.php:0
[01-Jul-2018 08:21:06 UTC] PHP   2. play() /home/ubuntu/workspace/cst336/homework/homework2/index.php:48
[01-Jul-2018 08:21:06 UTC] PHP   3. makeIntIntoBinaryArray() /home/ubuntu/workspace/cst336/homework/homework2/inc/functions.php:18
[01-Jul-2018 08:21:33 UTC] PHP Fatal error:  Maximum execution time of 300 seconds exceeded in /home/ubuntu/workspace/cst336/homework/homework2/inc/functions.php on line 45
[01-Jul-2018 08:21:33 UTC] PHP Stack trace:
[01-Jul-2018 08:21:33 UTC] PHP   1. {main}() /home/ubuntu/workspace/cst336/homework/homework2/index.php:0
[01-Jul-2018 08:21:33 UTC] PHP   2. play() /home/ubuntu/workspace/cst336/homework/homework2/index.php:48
[01-Jul-2018 08:21:33 UTC] PHP   3. makeIntIntoBinaryArray() /home/ubuntu/workspace/cst336/homework/homework2/inc/functions.php:18
[01-Jul-2018 08:21:45 UTC] PHP Fatal error:  Maximum execution time of 300 seconds exceeded in /home/ubuntu/workspace/cst336/homework/homework2/inc/functions.php on line 45
[01-Jul-2018 08:21:45 UTC] PHP Stack trace:
[01-Jul-2018 08:21:45 UTC] PHP   1. {main}() /home/ubuntu/workspace/cst336/homework/homework2/index.php:0
[01-Jul-2018 08:21:45 UTC] PHP   2. play() /home/ubuntu/workspace/cst336/homework/homework2/index.php:48
[01-Jul-2018 08:21:45 UTC] PHP   3. makeIntIntoBinaryArray() /home/ubuntu/workspace/cst336/homework/homework2/inc/functions.php:18
[01-Jul-2018 08:25:13 UTC] PHP Fatal error:  Maximum execution time of 300 seconds exceeded in /home/ubuntu/workspace/cst336/homework/homework2/inc/functions.php on line 47
[01-Jul-2018 08:25:13 UTC] PHP Stack trace:
[01-Jul-2018 08:25:13 UTC] PHP   1. {main}() /home/ubuntu/workspace/cst336/homework/homework2/index.php:0
[01-Jul-2018 08:25:13 UTC] PHP   2. play() /home/ubuntu/workspace/cst336/homework/homework2/index.php:48
[01-Jul-2018 08:25:13 UTC] PHP   3. makeIntIntoBinaryArray() /home/ubuntu/workspace/cst336/homework/homework2/inc/functions.php:18
[01-Jul-2018 08:25:44 UTC] PHP Fatal error:  Maximum execution time of 300 seconds exceeded in /home/ubuntu/workspace/cst336/homework/homework2/inc/functions.php on line 47
[01-Jul-2018 08:25:44 UTC] PHP Stack trace:
[01-Jul-2018 08:25:44 UTC] PHP   1. {main}() /home/ubuntu/workspace/cst336/homework/homework2/index.php:0
[01-Jul-2018 08:25:44 UTC] PHP   2. play() /home/ubuntu/workspace/cst336/homework/homework2/index.php:48
[01-Jul-2018 08:25:44 UTC] PHP   3. makeIntIntoBinaryArray() /home/ubuntu/workspace/cst336/homework/homework2/inc/functions.php:18
[01-Jul-2018 08:26:20 UTC] PHP Fatal error:  Maximum execution time of 300 seconds exceeded in /home/ubuntu/workspace/cst336/homework/homework2/inc/functions.php on line 45
[01-Jul-2018 08:26:20 UTC] PHP Stack trace:
[01-Jul-2018 08:26:20 UTC] PHP   1. {main}() /home/ubuntu/workspace/cst336/homework/homework2/index.php:0
[01-Jul-2018 08:26:20 UTC] PHP   2. play() /home/ubuntu/workspace/cst336/homework/homework2/index.php:48
[01-Jul-2018 08:26:20 UTC] PHP   3. makeIntIntoBinaryArray() /home/ubuntu/workspace/cst336/homework/homework2/inc/functions.php:18
[01-Jul-2018 08:26:36 UTC] PHP Fatal error:  Maximum execution time of 300 seconds exceeded in /home/ubuntu/workspace/cst336/homework/homework2/inc/functions.php on line 47
[01-Jul-2018 08:26:36 UTC] PHP Stack trace:
[01-Jul-2018 08:26:36 UTC] PHP   1. {main}() /home/ubuntu/workspace/cst336/homework/homework2/index.php:0
[01-Jul-2018 08:26:36 UTC] PHP   2. play() /home/ubuntu/workspace/cst336/homework/homework2/index.php:48
[01-Jul-2018 08:26:36 UTC] PHP   3. makeIntIntoBinaryArray() /home/ubuntu/workspace/cst336/homework/homework2/inc/functions.php:18
[01-Jul-2018 08:27:00 UTC] PHP Fatal error:  Maximum execution time of 300 seconds exceeded in /home/ubuntu/workspace/cst336/homework/homework2/inc/functions.php on line 47
[01-Jul-2018 08:27:00 UTC] PHP Stack trace:
[01-Jul-2018 08:27:00 UTC] PHP   1. {main}() /home/ubuntu/workspace/cst336/homework/homework2/index.php:0
[01-Jul-2018 08:27:00 UTC] PHP   2. play() /home/ubuntu/workspace/cst336/homework/homework2/index.php:48
[01-Jul-2018 08:27:00 UTC] PHP   3. makeIntIntoBinaryArray() /home/ubuntu/workspace/cst336/homework/homework2/inc/functions.php:18
[08-Jul-2018 00:02:10 UTC] PHP Fatal error:  Allowed memory size of 134217728 bytes exhausted (tried to allocate 32 bytes) in /home/ubuntu/workspace/cst336/homework/homework2/inc/functions.php on line 31
[08-Jul-2018 00:02:10 UTC] PHP Stack trace:
[08-Jul-2018 00:02:10 UTC] PHP   1. {main}() /home/ubuntu/workspace/cst336/homework/homework2/index.php:0
[08-Jul-2018 00:02:10 UTC] PHP   2. play() /home/ubuntu/workspace/cst336/homework/homework2/index.php:44
[08-Jul-2018 00:02:10 UTC] PHP   3. makeIntIntoBinaryArray() /home/ubuntu/workspace/cst336/homework/homework2/inc/functions.php:12
[08-Jul-2018 00:02:11 UTC] PHP Fatal error:  Allowed memory size of 134217728 bytes exhausted (tried to allocate 32 bytes) in /home/ubuntu/workspace/cst336/homework/homework2/inc/functions.php on line 31
[08-Jul-2018 00:02:11 UTC] PHP Stack trace:
[08-Jul-2018 00:02:11 UTC] PHP   1. {main}() /home/ubuntu/workspace/cst336/homework/homework2/index.php:0
[08-Jul-2018 00:02:11 UTC] PHP   2. play() /home/ubuntu/workspace/cst336/homework/homework2/index.php:44
[08-Jul-2018 00:02:11 UTC] PHP   3. makeIntIntoBinaryArray() /home/ubuntu/workspace/cst336/homework/homework2/inc/functions.php:12
[08-Jul-2018 00:51:51 UTC] PHP Fatal error:  Maximum execution time of 300 seconds exceeded in /home/ubuntu/workspace/cst336/homework/homework2/inc/functions.php on line 25
[08-Jul-2018 00:51:51 UTC] PHP Stack trace:
[08-Jul-2018 00:51:51 UTC] PHP   1. {main}() /home/ubuntu/workspace/cst336/homework/homework2/index.php:0
[08-Jul-2018 00:51:51 UTC] PHP   2. play() /home/ubuntu/workspace/cst336/homework/homework2/index.php:44
[08-Jul-2018 00:51:51 UTC] PHP   3. makeIntBinary() /home/ubuntu/workspace/cst336/homework/homework2/inc/functions.php:11
[08-Jul-2018 00:51:56 UTC] PHP Fatal error:  Maximum execution time of 300 seconds exceeded in /home/ubuntu/workspace/cst336/homework/homework2/inc/functions.php on line 25
[08-Jul-2018 00:51:56 UTC] PHP Stack trace:
[08-Jul-2018 00:51:56 UTC] PHP   1. {main}() /home/ubuntu/workspace/cst336/homework/homework2/index.php:0
[08-Jul-2018 00:51:57 UTC] PHP   2. play() /home/ubuntu/workspace/cst336/homework/homework2/index.php:44
[08-Jul-2018 00:51:57 UTC] PHP   3. makeIntBinary() /home/ubuntu/workspace/cst336/homework/homework2/inc/functions.php:11
[08-Jul-2018 00:51:57 UTC] PHP Fatal error:  Maximum execution time of 300 seconds exceeded in /home/ubuntu/workspace/cst336/homework/homework2/inc/functions.php on line 24
[08-Jul-2018 00:51:57 UTC] PHP Stack trace:
[08-Jul-2018 00:51:57 UTC] PHP   1. {main}() /home/ubuntu/workspace/cst336/homework/homework2/index.php:0
[08-Jul-2018 00:51:57 UTC] PHP   2. play() /home/ubuntu/workspace/cst336/homework/homework2/index.php:44
[08-Jul-2018 00:51:57 UTC] PHP   3. makeIntBinary() /home/ubuntu/workspace/cst336/homework/homework2/inc/functions.php:11
[08-Jul-2018 01:15:40 UTC] PHP Parse error:  syntax error, unexpected '$binaryArray' (T_VARIABLE), expecting ',' or ';' in /home/ubuntu/workspace/cst336/homework/homework2/inc/functions.php on line 37
[08-Jul-2018 01:15:40 UTC] PHP Stack trace:
[08-Jul-2018 01:15:40 UTC] PHP   1. {main}() /home/ubuntu/workspace/cst336/homework/homework2/index.php:0
[08-Jul-2018 01:40:57 UTC] PHP Parse error:  syntax error, unexpected 'echo' (T_ECHO), expecting ',' or ';' in /home/ubuntu/workspace/cst336/homework/homework2/inc/functions.php on line 55
[08-Jul-2018 01:40:57 UTC] PHP Stack trace:
[08-Jul-2018 01:40:57 UTC] PHP   1. {main}() /home/ubuntu/workspace/cst336/homework/homework2/index.php:0
[08-Jul-2018 01:55:43 UTC] PHP Parse error:  syntax error, unexpected ')' in /home/ubuntu/workspace/cst336/homework/homework2/inc/functions.php on line 43
[08-Jul-2018 01:55:43 UTC] PHP Stack trace:
[08-Jul-2018 01:55:43 UTC] PHP   1. {main}() /home/ubuntu/workspace/cst336/homework/homework2/index.php:0
[08-Jul-2018 01:56:05 UTC] PHP Parse error:  syntax error, unexpected ')' in /home/ubuntu/workspace/cst336/homework/homework2/inc/functions.php on line 43
[08-Jul-2018 01:56:05 UTC] PHP Stack trace:
[08-Jul-2018 01:56:05 UTC] PHP   1. {main}() /home/ubuntu/workspace/cst336/homework/homework2/index.php:0
[08-Jul-2018 02:04:07 UTC] PHP Parse error:  syntax error, unexpected ')' in /home/ubuntu/workspace/cst336/homework/homework2/inc/functions.php on line 42
[08-Jul-2018 02:04:07 UTC] PHP Stack trace:
[08-Jul-2018 02:04:07 UTC] PHP   1. {main}() /home/ubuntu/workspace/cst336/homework/homework2/index.php:0
[08-Jul-2018 02:04:18 UTC] PHP Parse error:  syntax error, unexpected ')' in /home/ubuntu/workspace/cst336/homework/homework2/inc/functions.php on line 42
[08-Jul-2018 02:04:18 UTC] PHP Stack trace:
[08-Jul-2018 02:04:18 UTC] PHP   1. {main}() /home/ubuntu/workspace/cst336/homework/homework2/index.php:0
[08-Jul-2018 03:48:40 UTC] PHP Warning:  Missing argument 1 for valueOfBit(), called in /home/ubuntu/workspace/cst336/homework/homework2/inc/functions.php on line 11 and defined in /home/ubuntu/workspace/cst336/homework/homework2/inc/functions.php on line 71
[08-Jul-2018 03:48:40 UTC] PHP Stack trace:
[08-Jul-2018 03:48:40 UTC] PHP   1. {main}() /home/ubuntu/workspace/cst336/homework/homework2/index.php:0
[08-Jul-2018 03:48:40 UTC] PHP   2. play() /home/ubuntu/workspace/cst336/homework/homework2/index.php:44
[08-Jul-2018 03:48:40 UTC] PHP   3. valueOfBit() /home/ubuntu/workspace/cst336/homework/homework2/inc/functions.php:11
[08-Jul-2018 03:48:43 UTC] PHP Warning:  Missing argument 1 for valueOfBit(), called in /home/ubuntu/workspace/cst336/homework/homework2/inc/functions.php on line 11 and defined in /home/ubuntu/workspace/cst336/homework/homework2/inc/functions.php on line 71
[08-Jul-2018 03:48:43 UTC] PHP Stack trace:
[08-Jul-2018 03:48:43 UTC] PHP   1. {main}() /home/ubuntu/workspace/cst336/homework/homework2/index.php:0
[08-Jul-2018 03:48:43 UTC] PHP   2. play() /home/ubuntu/workspace/cst336/homework/homework2/index.php:44
[08-Jul-2018 03:48:43 UTC] PHP   3. valueOfBit() /home/ubuntu/workspace/cst336/homework/homework2/inc/functions.php:11
[08-Jul-2018 03:57:22 UTC] PHP Parse error:  syntax error, unexpected '$binaryArray' (T_VARIABLE) in /home/ubuntu/workspace/cst336/homework/homework2/inc/functions.php on line 39
[08-Jul-2018 03:57:22 UTC] PHP Stack trace:
[08-Jul-2018 03:57:22 UTC] PHP   1. {main}() /home/ubuntu/workspace/cst336/homework/homework2/index.php:0
[08-Jul-2018 20:11:49 UTC] PHP Fatal error:  Call to undefined function play() in /home/ubuntu/workspace/cst336/homework/homework3/index.php on line 44
[08-Jul-2018 20:11:49 UTC] PHP Stack trace:
[08-Jul-2018 20:11:49 UTC] PHP   1. {main}() /home/ubuntu/workspace/cst336/homework/homework3/index.php:0
[08-Jul-2018 20:11:58 UTC] PHP Fatal error:  Call to undefined function play() in /home/ubuntu/workspace/cst336/homework/homework3/index.php on line 44
[08-Jul-2018 20:11:58 UTC] PHP Stack trace:
[08-Jul-2018 20:11:58 UTC] PHP   1. {main}() /home/ubuntu/workspace/cst336/homework/homework3/index.php:0
[08-Jul-2018 20:12:18 UTC] PHP Fatal error:  Call to undefined function play() in /home/ubuntu/workspace/cst336/homework/homework3/index.php on line 44
[08-Jul-2018 20:12:18 UTC] PHP Stack trace:
[08-Jul-2018 20:12:18 UTC] PHP   1. {main}() /home/ubuntu/workspace/cst336/homework/homework3/index.php:0
[08-Jul-2018 20:12:22 UTC] PHP Fatal error:  Call to undefined function play() in /home/ubuntu/workspace/cst336/homework/homework3/index.php on line 44
[08-Jul-2018 20:12:22 UTC] PHP Stack trace:
[08-Jul-2018 20:12:22 UTC] PHP   1. {main}() /home/ubuntu/workspace/cst336/homework/homework3/index.php:0
[08-Jul-2018 20:41:39 UTC] PHP Fatal error:  Maximum execution time of 300 seconds exceeded in /home/ubuntu/workspace/cst336/homework/homework3/inc/functions.php on line 24
[08-Jul-2018 20:41:39 UTC] PHP Stack trace:
[08-Jul-2018 20:41:39 UTC] PHP   1. {main}() /home/ubuntu/workspace/cst336/homework/homework3/index.php:0
[08-Jul-2018 20:41:39 UTC] PHP   2. play() /home/ubuntu/workspace/cst336/homework/homework3/index.php:44
[08-Jul-2018 20:41:39 UTC] PHP   3. makeIntBinary() /home/ubuntu/workspace/cst336/homework/homework3/inc/functions.php:11
[08-Jul-2018 20:48:18 UTC] PHP Fatal error:  Maximum execution time of 300 seconds exceeded in /home/ubuntu/workspace/cst336/homework/homework3/inc/functions.php on line 25
[08-Jul-2018 20:48:18 UTC] PHP Stack trace:
[08-Jul-2018 20:48:18 UTC] PHP   1. {main}() /home/ubuntu/workspace/cst336/homework/homework3/index.php:0
[08-Jul-2018 20:48:18 UTC] PHP   2. play() /home/ubuntu/workspace/cst336/homework/homework3/index.php:44
[08-Jul-2018 20:48:18 UTC] PHP   3. makeIntBinary() /home/ubuntu/workspace/cst336/homework/homework3/inc/functions.php:11
[08-Jul-2018 21:05:20 UTC] PHP Fatal error:  Maximum execution time of 300 seconds exceeded in /home/ubuntu/workspace/cst336/homework/homework3/inc/functions.php on line 25
[08-Jul-2018 21:05:20 UTC] PHP Stack trace:
[08-Jul-2018 21:05:20 UTC] PHP   1. {main}() /home/ubuntu/workspace/cst336/homework/homework3/index.php:0
[08-Jul-2018 21:05:20 UTC] PHP   2. play() /home/ubuntu/workspace/cst336/homework/homework3/index.php:44
[08-Jul-2018 21:05:20 UTC] PHP   3. makeIntBinary() /home/ubuntu/workspace/cst336/homework/homework3/inc/functions.php:11
[08-Jul-2018 21:05:31 UTC] PHP Fatal error:  Maximum execution time of 300 seconds exceeded in /home/ubuntu/workspace/cst336/homework/homework3/inc/functions.php on line 25
[08-Jul-2018 21:05:31 UTC] PHP Stack trace:
[08-Jul-2018 21:05:31 UTC] PHP   1. {main}() /home/ubuntu/workspace/cst336/homework/homework3/index.php:0
[08-Jul-2018 21:05:31 UTC] PHP   2. play() /home/ubuntu/workspace/cst336/homework/homework3/index.php:44
[08-Jul-2018 21:05:31 UTC] PHP   3. makeIntBinary() /home/ubuntu/workspace/cst336/homework/homework3/inc/functions.php:11
[08-Jul-2018 21:06:41 UTC] PHP Fatal error:  Maximum execution time of 300 seconds exceeded in /home/ubuntu/workspace/cst336/homework/homework3/inc/functions.php on line 25
[08-Jul-2018 21:06:41 UTC] PHP Stack trace:
[08-Jul-2018 21:06:41 UTC] PHP   1. {main}() /home/ubuntu/workspace/cst336/homework/homework3/index.php:0
[08-Jul-2018 21:06:41 UTC] PHP   2. play() /home/ubuntu/workspace/cst336/homework/homework3/index.php:44
[08-Jul-2018 21:06:41 UTC] PHP   3. makeIntBinary() /home/ubuntu/workspace/cst336/homework/homework3/inc/functions.php:11
[09-Jul-2018 00:41:28 UTC] PHP Fatal error:  Call to undefined function play() in /home/ubuntu/workspace/cst336/homework/homework3/index.php on line 44
[09-Jul-2018 00:41:28 UTC] PHP Stack trace:
[09-Jul-2018 00:41:28 UTC] PHP   1. {main}() /home/ubuntu/workspace/cst336/homework/homework3/index.php:0
[09-Jul-2018 00:41:30 UTC] PHP Fatal error:  Call to undefined function play() in /home/ubuntu/workspace/cst336/homework/homework3/index.php on line 44
[09-Jul-2018 00:41:30 UTC] PHP Stack trace:
[09-Jul-2018 00:41:30 UTC] PHP   1. {main}() /home/ubuntu/workspace/cst336/homework/homework3/index.php:0
[09-Jul-2018 00:43:37 UTC] PHP Fatal error:  Call to undefined function play() in /home/ubuntu/workspace/cst336/homework/homework3/index.php on line 44
[09-Jul-2018 00:43:37 UTC] PHP Stack trace:
[09-Jul-2018 00:43:37 UTC] PHP   1. {main}() /home/ubuntu/workspace/cst336/homework/homework3/index.php:0
[14-Jul-2018 14:40:28 UTC] PHP Parse error:  syntax error, unexpected '<' in /home/ubuntu/workspace/cst336/homework/homework3/index.php on line 152
[14-Jul-2018 14:41:02 UTC] PHP Parse error:  syntax error, unexpected '<' in /home/ubuntu/workspace/cst336/homework/homework3/index.php on line 152
[14-Jul-2018 14:41:35 UTC] PHP Parse error:  syntax error, unexpected '<' in /home/ubuntu/workspace/cst336/homework/homework3/index.php on line 152
[14-Jul-2018 15:25:53 UTC] PHP Parse error:  syntax error, unexpected '>' in /home/ubuntu/workspace/cst336/homework/homework3/index.php on line 135
[14-Jul-2018 15:29:16 UTC] PHP Parse error:  syntax error, unexpected '>' in /home/ubuntu/workspace/cst336/homework/homework3/index.php on line 153
[14-Jul-2018 15:51:44 UTC] PHP Parse error:  syntax error, unexpected end of file in /home/ubuntu/workspace/cst336/homework/homework3/index.php on line 192
[14-Jul-2018 16:43:52 UTC] PHP Parse error:  syntax error, unexpected '}' in /home/ubuntu/workspace/cst336/homework/homework3/index.php on line 40
[14-Jul-2018 16:46:17 UTC] PHP Parse error:  syntax error, unexpected '?' in /home/ubuntu/workspace/cst336/homework/homework3/index.php on line 144
[14-Jul-2018 17:00:52 UTC] PHP Parse error:  syntax error, unexpected 'else' (T_ELSE) in /home/ubuntu/workspace/cst336/homework/homework3/index.php on line 58
[14-Jul-2018 17:01:16 UTC] PHP Parse error:  syntax error, unexpected end of file in /home/ubuntu/workspace/cst336/homework/homework3/index.php on line 232
[14-Jul-2018 17:01:42 UTC] PHP Parse error:  syntax error, unexpected end of file in /home/ubuntu/workspace/cst336/homework/homework3/index.php on line 232
[14-Jul-2018 17:03:00 UTC] PHP Parse error:  syntax error, unexpected end of file in /home/ubuntu/workspace/cst336/homework/homework3/index.php on line 232
[14-Jul-2018 17:04:00 UTC] PHP Parse error:  syntax error, unexpected end of file in /home/ubuntu/workspace/cst336/homework/homework3/index.php on line 232
[14-Jul-2018 17:04:32 UTC] PHP Parse error:  syntax error, unexpected end of file in /home/ubuntu/workspace/cst336/homework/homework3/index.php on line 239
[14-Jul-2018 17:05:32 UTC] PHP Parse error:  syntax error, unexpected end of file in /home/ubuntu/workspace/cst336/homework/homework3/index.php on line 239
[14-Jul-2018 17:12:19 UTC] PHP Fatal error:  Call to undefined function IS_NUMBER() in /home/ubuntu/workspace/cst336/homework/homework3/index.php on line 41
[14-Jul-2018 17:12:19 UTC] PHP Stack trace:
[14-Jul-2018 17:12:19 UTC] PHP   1. {main}() /home/ubuntu/workspace/cst336/homework/homework3/index.php:0
[14-Jul-2018 18:23:30 UTC] PHP Fatal error:  Cannot use isset() on the result of an expression (you can use "null !== expression" instead) in /home/ubuntu/workspace/cst336/homework/homework3/index.php on line 107
[14-Jul-2018 18:25:03 UTC] PHP Fatal error:  Call to undefined function infoDisplay() in /home/ubuntu/workspace/cst336/homework/homework3/index.php on line 147
[14-Jul-2018 18:25:03 UTC] PHP Stack trace:
[14-Jul-2018 18:25:03 UTC] PHP   1. {main}() /home/ubuntu/workspace/cst336/homework/homework3/index.php:0
[14-Jul-2018 18:27:50 UTC] PHP Parse error:  syntax error, unexpected '<' in /home/ubuntu/workspace/cst336/homework/homework3/index.php on line 140
[14-Jul-2018 18:28:36 UTC] PHP Parse error:  syntax error, unexpected '{', expecting '(' in /home/ubuntu/workspace/cst336/homework/homework3/index.php on line 141
[14-Jul-2018 18:29:01 UTC] PHP Parse error:  syntax error, unexpected '{', expecting '(' in /home/ubuntu/workspace/cst336/homework/homework3/index.php on line 141
[14-Jul-2018 18:46:37 UTC] PHP Parse error:  syntax error, unexpected '<' in /home/ubuntu/workspace/cst336/homework/homework3/index.php on line 156
[14-Jul-2018 18:54:59 UTC] PHP Parse error:  syntax error, unexpected 'echo' (T_ECHO), expecting ',' or ';' in /home/ubuntu/workspace/cst336/homework/homework3/index.php on line 161
[14-Jul-2018 18:55:02 UTC] PHP Parse error:  syntax error, unexpected 'echo' (T_ECHO), expecting ',' or ';' in /home/ubuntu/workspace/cst336/homework/homework3/index.php on line 161
[14-Jul-2018 19:08:44 UTC] PHP Parse error:  syntax error, unexpected '$numTickets' (T_VARIABLE), expecting ',' or ';' in /home/ubuntu/workspace/cst336/homework/homework3/index.php on line 161
